[30-Oct-2025 14:48:49 Europe/Berlin] PHP Warning:  Undefined array key "lineup_id" in C:\xampp\htdocs\TeamLineupBuilder\backend\PlayerDao.php on line 34
[30-Oct-2025 14:50:44 Europe/Berlin] PHP Warning:  Undefined array key "lineup_id" in C:\xampp\htdocs\TeamLineupBuilder\backend\PlayerDao.php on line 34
[30-Oct-2025 14:51:05 Europe/Berlin] PHP Warning:  Undefined array key "lineup_id" in C:\xampp\htdocs\TeamLineupBuilder\backend\PlayerDao.php on line 34
[30-Oct-2025 14:52:51 Europe/Berlin] PHP Warning:  Undefined array key "lineup_id" in C:\xampp\htdocs\TeamLineupBuilder\backend\PlayerDao.php on line 34
[30-Oct-2025 14:54:08 Europe/Berlin] PHP Warning:  Undefined array key "lineup_id" in C:\xampp\htdocs\TeamLineupBuilder\backend\PlayerDao.php on line 34
[30-Oct-2025 14:55:51 Europe/Berlin] PHP Warning:  Undefined array key "lineup_id" in C:\xampp\htdocs\TeamLineupBuilder\backend\PlayerDao.php on line 34
[30-Oct-2025 14:57:51 Europe/Berlin] PHP Warning:  Undefined array key "lineup_id" in C:\xampp\htdocs\TeamLineupBuilder\backend\PlayerDao.php on line 34
[30-Oct-2025 15:06:03 Europe/Berlin] PHP Warning:  Undefined array key "lineup_id" in C:\xampp\htdocs\TeamLineupBuilder\backend\PlayerDao.php on line 34
[30-Oct-2025 15:10:51 Europe/Berlin] PHP Fatal error:  Uncaught Error: Call to undefined method PlayerDao::addPlayerIfNotExists() in C:\xampp\htdocs\TeamLineupBuilder\backend\players.php:55
Stack trace:
#0 {main}
  thrown in C:\xampp\htdocs\TeamLineupBuilder\backend\players.php on line 55
[30-Oct-2025 15:10:59 Europe/Berlin] PHP Fatal error:  Uncaught Error: Call to undefined method PlayerDao::addPlayerIfNotExists() in C:\xampp\htdocs\TeamLineupBuilder\backend\players.php:55
Stack trace:
#0 {main}
  thrown in C:\xampp\htdocs\TeamLineupBuilder\backend\players.php on line 55
[30-Oct-2025 15:37:25 Europe/Berlin] PHP Fatal error:  Uncaught Error: Call to undefined method PlayerDao::addPlayerIfNotExists() in C:\xampp\htdocs\TeamLineupBuilder\backend\players.php:55
Stack trace:
#0 {main}
  thrown in C:\xampp\htdocs\TeamLineupBuilder\backend\players.php on line 55
